Determining if the pthread_create exist failed with the following output:
Change Dir: /home/xiaoyi/ar&3d project/bin/CMakeFiles/CMakeTmp

Run Build Command:"/usr/bin/make" "cmTC_7199a/fast"
/usr/bin/make -f CMakeFiles/cmTC_7199a.dir/build.make CMakeFiles/cmTC_7199a.dir/build
make[1]: Entering directory '/home/xiaoyi/ar&3d project/bin/CMakeFiles/CMakeTmp'
Building C object CMakeFiles/cmTC_7199a.dir/CheckSymbolExists.c.o
/usr/bin/cc    -o CMakeFiles/cmTC_7199a.dir/CheckSymbolExists.c.o   -c "/home/xiaoyi/ar&3d project/bin/CMakeFiles/CMakeTmp/CheckSymbolExists.c"
Linking C executable cmTC_7199a
/usr/bin/cmake -E cmake_link_script CMakeFiles/cmTC_7199a.dir/link.txt --verbose=1
/usr/bin/cc      -rdynamic CMakeFiles/cmTC_7199a.dir/CheckSymbolExists.c.o  -o cmTC_7199a 
CMakeFiles/cmTC_7199a.dir/CheckSymbolExists.c.o: In function `main':
CheckSymbolExists.c:(.text+0x1b): undefined reference to `pthread_create'
collect2: error: ld returned 1 exit status
CMakeFiles/cmTC_7199a.dir/build.make:97: recipe for target 'cmTC_7199a' failed
make[1]: *** [cmTC_7199a] Error 1
make[1]: Leaving directory '/home/xiaoyi/ar&3d project/bin/CMakeFiles/CMakeTmp'
Makefile:126: recipe for target 'cmTC_7199a/fast' failed
make: *** [cmTC_7199a/fast] Error 2

File /home/xiaoyi/ar&3d project/bin/CMakeFiles/CMakeTmp/CheckSymbolExists.c:
/* */
#include <pthread.h>

int main(int argc, char** argv)
{
  (void)argv;
#ifndef pthread_create
  return ((int*)(&pthread_create))[argc];
#else
  (void)argc;
  return 0;
#endif
}

Determining if the function pthread_create exists in the pthreads failed with the following output:
Change Dir: /home/xiaoyi/ar&3d project/bin/CMakeFiles/CMakeTmp

Run Build Command:"/usr/bin/make" "cmTC_06711/fast"
/usr/bin/make -f CMakeFiles/cmTC_06711.dir/build.make CMakeFiles/cmTC_06711.dir/build
make[1]: Entering directory '/home/xiaoyi/ar&3d project/bin/CMakeFiles/CMakeTmp'
Building C object CMakeFiles/cmTC_06711.dir/CheckFunctionExists.c.o
/usr/bin/cc   -DCHECK_FUNCTION_EXISTS=pthread_create   -o CMakeFiles/cmTC_06711.dir/CheckFunctionExists.c.o   -c /usr/share/cmake-3.10/Modules/CheckFunctionExists.c
Linking C executable cmTC_06711
/usr/bin/cmake -E cmake_link_script CMakeFiles/cmTC_06711.dir/link.txt --verbose=1
/usr/bin/cc  -DCHECK_FUNCTION_EXISTS=pthread_create    -rdynamic CMakeFiles/cmTC_06711.dir/CheckFunctionExists.c.o  -o cmTC_06711 -lpthreads 
/usr/bin/ld: cannot find -lpthreads
collect2: error: ld returned 1 exit status
CMakeFiles/cmTC_06711.dir/build.make:97: recipe for target 'cmTC_06711' failed
make[1]: *** [cmTC_06711] Error 1
make[1]: Leaving directory '/home/xiaoyi/ar&3d project/bin/CMakeFiles/CMakeTmp'
Makefile:126: recipe for target 'cmTC_06711/fast' failed
make: *** [cmTC_06711/fast] Error 2


