Determining if the pthread_create exist failed with the following output:
Change Dir: /home/m/ws/thing-scanner/poisson_reconstruction/buil/CMakeFiles/CMakeTmp

Run Build Command:"/usr/bin/make" "cmTC_89f19/fast"
/usr/bin/make -f CMakeFiles/cmTC_89f19.dir/build.make CMakeFiles/cmTC_89f19.dir/build
make[1]: Entering directory '/home/m/ws/thing-scanner/poisson_reconstruction/buil/CMakeFiles/CMakeTmp'
Building C object CMakeFiles/cmTC_89f19.dir/CheckSymbolExists.c.o
/usr/bin/cc    -o CMakeFiles/cmTC_89f19.dir/CheckSymbolExists.c.o   -c /home/m/ws/thing-scanner/poisson_reconstruction/buil/CMakeFiles/CMakeTmp/CheckSymbolExists.c
Linking C executable cmTC_89f19
/usr/bin/cmake -E cmake_link_script CMakeFiles/cmTC_89f19.dir/link.txt --verbose=1
/usr/bin/cc      -rdynamic CMakeFiles/cmTC_89f19.dir/CheckSymbolExists.c.o  -o cmTC_89f19 
CMakeFiles/cmTC_89f19.dir/CheckSymbolExists.c.o: In function `main':
CheckSymbolExists.c:(.text+0x1b): undefined reference to `pthread_create'
collect2: error: ld returned 1 exit status
CMakeFiles/cmTC_89f19.dir/build.make:97: recipe for target 'cmTC_89f19' failed
make[1]: *** [cmTC_89f19] Error 1
make[1]: Leaving directory '/home/m/ws/thing-scanner/poisson_reconstruction/buil/CMakeFiles/CMakeTmp'
Makefile:126: recipe for target 'cmTC_89f19/fast' failed
make: *** [cmTC_89f19/fast] Error 2

File /home/m/ws/thing-scanner/poisson_reconstruction/buil/CMakeFiles/CMakeTmp/CheckSymbolExists.c:
/* */
#include <pthread.h>

int main(int argc, char** argv)
{
  (void)argv;
#ifndef pthread_create
  return ((int*)(&pthread_create))[argc];
#else
  (void)argc;
  return 0;
#endif
}

Determining if the function pthread_create exists in the pthreads failed with the following output:
Change Dir: /home/m/ws/thing-scanner/poisson_reconstruction/buil/CMakeFiles/CMakeTmp

Run Build Command:"/usr/bin/make" "cmTC_577ac/fast"
/usr/bin/make -f CMakeFiles/cmTC_577ac.dir/build.make CMakeFiles/cmTC_577ac.dir/build
make[1]: Entering directory '/home/m/ws/thing-scanner/poisson_reconstruction/buil/CMakeFiles/CMakeTmp'
Building C object CMakeFiles/cmTC_577ac.dir/CheckFunctionExists.c.o
/usr/bin/cc   -DCHECK_FUNCTION_EXISTS=pthread_create   -o CMakeFiles/cmTC_577ac.dir/CheckFunctionExists.c.o   -c /usr/share/cmake-3.10/Modules/CheckFunctionExists.c
Linking C executable cmTC_577ac
/usr/bin/cmake -E cmake_link_script CMakeFiles/cmTC_577ac.dir/link.txt --verbose=1
/usr/bin/cc  -DCHECK_FUNCTION_EXISTS=pthread_create    -rdynamic CMakeFiles/cmTC_577ac.dir/CheckFunctionExists.c.o  -o cmTC_577ac -lpthreads 
/usr/bin/ld: cannot find -lpthreads
collect2: error: ld returned 1 exit status
CMakeFiles/cmTC_577ac.dir/build.make:97: recipe for target 'cmTC_577ac' failed
make[1]: *** [cmTC_577ac] Error 1
make[1]: Leaving directory '/home/m/ws/thing-scanner/poisson_reconstruction/buil/CMakeFiles/CMakeTmp'
Makefile:126: recipe for target 'cmTC_577ac/fast' failed
make: *** [cmTC_577ac/fast] Error 2


